{
  "uid" : "cd0a38ff6d696d47",
  "name" : "test_verify_imdb",
  "fullName" : "cl_automation.test_imdb.Test_Imdb#test_verify_imdb",
  "historyId" : "7e6acdfca12b03649f7ae8ee564f71d3",
  "time" : {
    "start" : 1640337223753,
    "stop" : 1640337223753,
    "duration" : 0
  },
  "status" : "broken",
  "statusMessage" : "TypeError: Level not an integer or a valid string: None",
  "statusTrace" : "cls = <class 'test_automation.cl_automation.test_imdb.Test_Imdb'>\n\n    def setup_class(cls):\n        global driver\n        browser_type = os.getenv(\"BrowserType\")\n        if (browser_type.lower() == 'chrome'):\n            driver = webdriver.Chrome(ChromeDriverManager().install())\n        elif (browser_type.lower() == 'edge'):\n>           driver = webdriver.Edge(EdgeChromiumDriverManager().install())\n\ncl_automation\\test_imdb.py:21: \n_ _ _ _ _ _ _ _ _ _ _ _ _ _ _ _ _ _ _ _ _ _ _ _ _ _ _ _ _ _ _ _ _ _ _ _ _ _ _ _\nvenv\\lib\\site-packages\\webdriver_manager\\microsoft.py:50: in __init__\n    super().__init__(path, log_level, print_first_line, cache_valid_range)\nvenv\\lib\\site-packages\\webdriver_manager\\manager.py:13: in __init__\n    log(\"====== WebDriver manager ======\", level=log_level)\nvenv\\lib\\site-packages\\webdriver_manager\\logger.py:25: in log\n    _init_logger(level, name, first_line, formatter)\nvenv\\lib\\site-packages\\webdriver_manager\\logger.py:19: in _init_logger\n    _logger.setLevel(level)\nC:\\Users\\Saed\\AppData\\Local\\Programs\\Python\\Python310\\lib\\logging\\__init__.py:1443: in setLevel\n    self.level = _checkLevel(level)\n_ _ _ _ _ _ _ _ _ _ _ _ _ _ _ _ _ _ _ _ _ _ _ _ _ _ _ _ _ _ _ _ _ _ _ _ _ _ _ _\n\nlevel = None\n\n    def _checkLevel(level):\n        if isinstance(level, int):\n            rv = level\n        elif str(level) == level:\n            if level not in _nameToLevel:\n                raise ValueError(\"Unknown level: %r\" % level)\n            rv = _nameToLevel[level]\n        else:\n>           raise TypeError(\"Level not an integer or a valid string: %r\"\n                            % (level,))\nE           TypeError: Level not an integer or a valid string: None\n\nC:\\Users\\Saed\\AppData\\Local\\Programs\\Python\\Python310\\lib\\logging\\__init__.py:201: TypeError",
  "flaky" : false,
  "newFailed" : false,
  "newBroken" : false,
  "newPassed" : false,
  "retriesCount" : 15,
  "retriesStatusChange" : true,
  "beforeStages" : [ {
    "name" : "xunit_setup_class_fixture_Test_Imdb",
    "time" : {
      "start" : 1640337223754,
      "stop" : 1640337223754,
      "duration" : 0
    },
    "status" : "broken",
    "statusMessage" : "TypeError: Level not an integer or a valid string: None\n",
    "statusTrace" : "  File \"c:\\automation\\python\\test_automation\\venv\\lib\\site-packages\\pluggy\\_callers.py\", line 39, in _multicall\n    res = hook_impl.function(*args)\n  File \"c:\\automation\\python\\test_automation\\venv\\lib\\site-packages\\_pytest\\fixtures.py\", line 1126, in pytest_fixture_setup\n    result = call_fixture_func(fixturefunc, request, kwargs)\n  File \"c:\\automation\\python\\test_automation\\venv\\lib\\site-packages\\_pytest\\fixtures.py\", line 925, in call_fixture_func\n    fixture_result = next(generator)\n  File \"c:\\automation\\python\\test_automation\\venv\\lib\\site-packages\\_pytest\\python.py\", line 811, in xunit_setup_class_fixture\n    _call_with_optional_argument(func, self.obj)\n  File \"c:\\automation\\python\\test_automation\\venv\\lib\\site-packages\\_pytest\\python.py\", line 739, in _call_with_optional_argument\n    func(arg)\n  File \"C:\\Automation\\Python\\test_automation\\cl_automation\\test_imdb.py\", line 21, in setup_class\n    driver = webdriver.Edge(EdgeChromiumDriverManager().install())\n  File \"c:\\automation\\python\\test_automation\\venv\\lib\\site-packages\\webdriver_manager\\microsoft.py\", line 50, in __init__\n    super().__init__(path, log_level, print_first_line, cache_valid_range)\n  File \"c:\\automation\\python\\test_automation\\venv\\lib\\site-packages\\webdriver_manager\\manager.py\", line 13, in __init__\n    log(\"====== WebDriver manager ======\", level=log_level)\n  File \"c:\\automation\\python\\test_automation\\venv\\lib\\site-packages\\webdriver_manager\\logger.py\", line 25, in log\n    _init_logger(level, name, first_line, formatter)\n  File \"c:\\automation\\python\\test_automation\\venv\\lib\\site-packages\\webdriver_manager\\logger.py\", line 19, in _init_logger\n    _logger.setLevel(level)\n  File \"C:\\Users\\Saed\\AppData\\Local\\Programs\\Python\\Python310\\lib\\logging\\__init__.py\", line 1443, in setLevel\n    self.level = _checkLevel(level)\n  File \"C:\\Users\\Saed\\AppData\\Local\\Programs\\Python\\Python310\\lib\\logging\\__init__.py\", line 201, in _checkLevel\n    raise TypeError(\"Level not an integer or a valid string: %r\"\n",
    "steps" : [ ],
    "attachments" : [ ],
    "parameters" : [ ],
    "stepsCount" : 0,
    "hasContent" : true,
    "attachmentsCount" : 0,
    "shouldDisplayMessage" : true
  } ],
  "afterStages" : [ ],
  "labels" : [ {
    "name" : "parentSuite",
    "value" : "cl_automation"
  }, {
    "name" : "suite",
    "value" : "test_imdb"
  }, {
    "name" : "subSuite",
    "value" : "Test_Imdb"
  }, {
    "name" : "host",
    "value" : "DESKTOP-LVSINNE"
  }, {
    "name" : "thread",
    "value" : "1880-MainThread"
  }, {
    "name" : "framework",
    "value" : "pytest"
  }, {
    "name" : "language",
    "value" : "cpython3"
  }, {
    "name" : "package",
    "value" : "cl_automation.test_imdb"
  }, {
    "name" : "resultFormat",
    "value" : "allure2"
  } ],
  "parameters" : [ ],
  "links" : [ ],
  "hidden" : false,
  "retry" : false,
  "extra" : {
    "severity" : "normal",
    "retries" : [ {
      "uid" : "ef5c6dcb0e6728c4",
      "status" : "broken",
      "statusDetails" : "TypeError: Level not an integer or a valid string: None",
      "time" : {
        "start" : 1640337162096,
        "stop" : 1640337162096,
        "duration" : 0
      }
    }, {
      "uid" : "e836ee6bf2e009ef",
      "status" : "broken",
      "statusDetails" : "TypeError: Level not an integer or a valid string: None",
      "time" : {
        "start" : 1640337017513,
        "stop" : 1640337017513,
        "duration" : 0
      }
    }, {
      "uid" : "3e0ed774e3ec0b85",
      "status" : "passed",
      "time" : {
        "start" : 1640337008432,
        "stop" : 1640337010990,
        "duration" : 2558
      }
    }, {
      "uid" : "42aac89650e1c067",
      "status" : "broken",
      "statusDetails" : "TypeError: Level not an integer or a valid string: None",
      "time" : {
        "start" : 1640336946638,
        "stop" : 1640336946638,
        "duration" : 0
      }
    }, {
      "uid" : "81fe1936e8da2ec4",
      "status" : "broken",
      "statusDetails" : "AttributeError: 'NoneType' object has no attribute 'lower'",
      "time" : {
        "start" : 1640336884194,
        "stop" : 1640336884194,
        "duration" : 0
      }
    }, {
      "uid" : "b60f82f1ff2a1359",
      "status" : "broken",
      "statusDetails" : "AttributeError: 'NoneType' object has no attribute 'lower'",
      "time" : {
        "start" : 1640336819108,
        "stop" : 1640336819108,
        "duration" : 0
      }
    }, {
      "uid" : "366dfc6905b0f1b9",
      "status" : "passed",
      "time" : {
        "start" : 1640336398667,
        "stop" : 1640336400643,
        "duration" : 1976
      }
    }, {
      "uid" : "dfc69f731174b84",
      "status" : "passed",
      "time" : {
        "start" : 1640289421873,
        "stop" : 1640289424044,
        "duration" : 2171
      }
    }, {
      "uid" : "cd03358de8f05c3c",
      "status" : "failed",
      "statusDetails" : "AssertionError: Failed conditions count: [ 1 ]\n\nException: Failed by assertion!\nFail in \"C:\\Automation\\Python\\test_automation\\cl_automation\\test_imdb.py:27\" test_verify_imdb()",
      "time" : {
        "start" : 1640287760793,
        "stop" : 1640287763791,
        "duration" : 2998
      }
    }, {
      "uid" : "d218be181cb0bb3f",
      "status" : "passed",
      "time" : {
        "start" : 1640287708825,
        "stop" : 1640287711705,
        "duration" : 2880
      }
    }, {
      "uid" : "224d4fa4c5210a9e",
      "status" : "passed",
      "time" : {
        "start" : 1640287676903,
        "stop" : 1640287679961,
        "duration" : 3058
      }
    }, {
      "uid" : "81a9ca762f1b8e3",
      "status" : "passed",
      "time" : {
        "start" : 1640287616560,
        "stop" : 1640287620974,
        "duration" : 4414
      }
    }, {
      "uid" : "3e0a220e315512bf",
      "status" : "failed",
      "statusDetails" : "AssertionError: Failed conditions count: [ 1 ]\n\nException: Failed by assertion!\nFail in \"C:\\Automation\\Python\\test_automation\\cl_automation\\test_imdb.py:27\" test_verify_imdb()",
      "time" : {
        "start" : 1640287561059,
        "stop" : 1640287563472,
        "duration" : 2413
      }
    }, {
      "uid" : "db68eca39ac5d974",
      "status" : "failed",
      "statusDetails" : "AssertionError: Failed conditions count: [ 1 ]\n\nException: Failed by assertion!\nFail in \"C:\\Automation\\Python\\test_automation\\cl_automation\\test_imdb.py:27\" test_verify_imdb()",
      "time" : {
        "start" : 1640287287898,
        "stop" : 1640287290746,
        "duration" : 2848
      }
    }, {
      "uid" : "acf6af8ec9507ff3",
      "status" : "passed",
      "time" : {
        "start" : 1640286949423,
        "stop" : 1640286952041,
        "duration" : 2618
      }
    } ],
    "categories" : [ {
      "name" : "Test defects",
      "matchedStatuses" : [ ],
      "flaky" : false
    } ],
    "tags" : [ ]
  },
  "source" : "cd0a38ff6d696d47.json",
  "parameterValues" : [ ]
}